# JRE version: OpenJDK Runtime Environment (11.0.10) (build 11.0.10+0-b96-7249189)
# Java VM: OpenJDK 64-Bit Server VM (11.0.10+0-b96-7249189, mixed mode, tiered, compressed oops, g1 gc, windows-amd64)
Heap:
 garbage-first heap   total 179200K, used 41967K [0x0000000082600000, 0x0000000100000000)
  region size 1024K, 6 young (6144K), 1 survivors (1024K)
 Metaspace       used 52556K, capacity 53148K, committed 53276K, reserved 1095680K
  class space    used 6111K, capacity 6358K, committed 6476K, reserved 1048576K
GC Heap History (14 events):
Event: 1.592 GC heap before
{Heap before GC invocations=0 (full 0):
 garbage-first heap   total 129024K, used 27648K [0x0000000082600000, 0x0000000100000000)
  region size 1024K, 24 young (24576K), 0 survivors (0K)
 Metaspace       used 12303K, capacity 12405K, committed 12544K, reserved 1060864K
  class space    used 1154K, capacity 1174K, committed 1280K, reserved 1048576K
}
Event: 1.597 GC heap after
{Heap after GC invocations=1 (full 0):
 garbage-first heap   total 129024K, used 5670K [0x0000000082600000, 0x0000000100000000)
  region size 1024K, 3 young (3072K), 3 survivors (3072K)
 Metaspace       used 12303K, capacity 12405K, committed 12544K, reserved 1060864K
  class space    used 1154K, capacity 1174K, committed 1280K, reserved 1048576K
}
Event: 2.647 GC heap before
{Heap before GC invocations=1 (full 0):
 garbage-first heap   total 129024K, used 42534K [0x0000000082600000, 0x0000000100000000)
  region size 1024K, 40 young (40960K), 3 survivors (3072K)
 Metaspace       used 21000K, capacity 21203K, committed 21248K, reserved 1069056K
  class space    used 2215K, capacity 2299K, committed 2304K, reserved 1048576K
}
Event: 2.664 GC heap after
{Heap after GC invocations=2 (full 0):
 garbage-first heap   total 129024K, used 9655K [0x0000000082600000, 0x0000000100000000)
  region size 1024K, 7 young (7168K), 7 survivors (7168K)
 Metaspace       used 21000K, capacity 21203K, committed 21248K, reserved 1069056K
  class space    used 2215K, capacity 2299K, committed 2304K, reserved 1048576K
}
Event: 4.506 GC heap before
{Heap before GC invocations=3 (full 0):
 garbage-first heap   total 129024K, used 66999K [0x0000000082600000, 0x0000000100000000)
  region size 1024K, 55 young (56320K), 7 survivors (7168K)
 Metaspace       used 30435K, capacity 30871K, committed 31228K, reserved 1077248K
  class space    used 3582K, capacity 3744K, committed 3840K, reserved 1048576K
}
Event: 4.605 GC heap after
{Heap after GC invocations=4 (full 0):
 garbage-first heap   total 129024K, used 24964K [0x0000000082600000, 0x0000000100000000)
  region size 1024K, 7 young (7168K), 7 survivors (7168K)
 Metaspace       used 30435K, capacity 30871K, committed 31228K, reserved 1077248K
  class space    used 3582K, capacity 3744K, committed 3840K, reserved 1048576K
}
Event: 6.838 GC heap before
{Heap before GC invocations=4 (full 0):
 garbage-first heap   total 129024K, used 57732K [0x0000000082600000, 0x0000000100000000)
  region size 1024K, 36 young (36864K), 7 survivors (7168K)
 Metaspace       used 35511K, capacity 35952K, committed 36048K, reserved 1081344K
  class space    used 4153K, capacity 4328K, committed 4352K, reserved 1048576K
}
Event: 6.874 GC heap after
{Heap after GC invocations=5 (full 0):
 garbage-first heap   total 129024K, used 25655K [0x0000000082600000, 0x0000000100000000)
  region size 1024K, 3 young (3072K), 3 survivors (3072K)
 Metaspace       used 35511K, capacity 35952K, committed 36048K, reserved 1081344K
  class space    used 4153K, capacity 4328K, committed 4352K, reserved 1048576K
}
Event: 9.717 GC heap before
{Heap before GC invocations=6 (full 0):
 garbage-first heap   total 129024K, used 75831K [0x0000000082600000, 0x0000000100000000)
  region size 1024K, 51 young (52224K), 3 survivors (3072K)
 Metaspace       used 45793K, capacity 46303K, committed 46620K, reserved 1089536K
  class space    used 5408K, capacity 5618K, committed 5708K, reserved 1048576K
}
Event: 9.755 GC heap after
{Heap after GC invocations=7 (full 0):
 garbage-first heap   total 129024K, used 29767K [0x0000000082600000, 0x0000000100000000)
  region size 1024K, 7 young (7168K), 7 survivors (7168K)
 Metaspace       used 45793K, capacity 46303K, committed 46620K, reserved 1089536K
  class space    used 5408K, capacity 5618K, committed 5708K, reserved 1048576K
}
Event: 11.422 GC heap before
{Heap before GC invocations=7 (full 0):
 garbage-first heap   total 129024K, used 83015K [0x0000000082600000, 0x0000000100000000)
  region size 1024K, 57 young (58368K), 7 survivors (7168K)
 Metaspace       used 52046K, capacity 52635K, committed 52892K, reserved 1095680K
  class space    used 6059K, capacity 6294K, committed 6348K, reserved 1048576K
}
Event: 12.484 GC heap after
{Heap after GC invocations=8 (full 0):
 garbage-first heap   total 179200K, used 36251K [0x0000000082600000, 0x0000000100000000)
  region size 1024K, 5 young (5120K), 5 survivors (5120K)
 Metaspace       used 52046K, capacity 52635K, committed 52892K, reserved 1095680K
  class space    used 6059K, capacity 6294K, committed 6348K, reserved 1048576K
}
Event: 12.611 GC heap before
{Heap before GC invocations=8 (full 0):
 garbage-first heap   total 179200K, used 39323K [0x0000000082600000, 0x0000000100000000)
  region size 1024K, 8 young (8192K), 5 survivors (5120K)
 Metaspace       used 52422K, capacity 53019K, committed 53276K, reserved 1095680K
  class space    used 6108K, capacity 6358K, committed 6476K, reserved 1048576K
}
Event: 12.618 GC heap after
{Heap after GC invocations=9 (full 0):
 garbage-first heap   total 179200K, used 37871K [0x0000000082600000, 0x0000000100000000)
  region size 1024K, 1 young (1024K), 1 survivors (1024K)
 Metaspace       used 52422K, capacity 53019K, committed 53276K, reserved 1095680K
  class space    used 6108K, capacity 6358K, committed 6476K, reserved 1048576K
}

