# JRE version: OpenJDK Runtime Environment (11.0.10) (build 11.0.10+0-b96-7249189)
# Java VM: OpenJDK 64-Bit Server VM (11.0.10+0-b96-7249189, mixed mode, tiered, compressed oops, g1 gc, windows-amd64)
Heap:
 garbage-first heap   total 1087488K, used 233691K [0x0000000080000000, 0x0000000100000000)
  region size 1024K, 3 young (3072K), 3 survivors (3072K)
 Metaspace       used 107791K, capacity 110421K, committed 110796K, reserved 1144832K
  class space    used 13906K, capacity 14932K, committed 15052K, reserved 1048576K
GC Heap History (20 events):
Event: 33.939 GC heap after
{Heap after GC invocations=38 (full 0):
 garbage-first heap   total 225280K, used 141856K [0x0000000080000000, 0x0000000100000000)
  region size 1024K, 2 young (2048K), 2 survivors (2048K)
 Metaspace       used 105072K, capacity 107616K, committed 107980K, reserved 1142784K
  class space    used 13383K, capacity 14355K, committed 14540K, reserved 1048576K
}
Event: 33.939 GC heap before
{Heap before GC invocations=38 (full 0):
 garbage-first heap   total 225280K, used 141856K [0x0000000080000000, 0x0000000100000000)
  region size 1024K, 3 young (3072K), 2 survivors (2048K)
 Metaspace       used 105072K, capacity 107616K, committed 107980K, reserved 1142784K
  class space    used 13383K, capacity 14355K, committed 14540K, reserved 1048576K
}
Event: 33.942 GC heap after
{Heap after GC invocations=39 (full 0):
 garbage-first heap   total 225280K, used 141703K [0x0000000080000000, 0x0000000100000000)
  region size 1024K, 2 young (2048K), 2 survivors (2048K)
 Metaspace       used 105072K, capacity 107616K, committed 107980K, reserved 1142784K
  class space    used 13383K, capacity 14355K, committed 14540K, reserved 1048576K
}
Event: 34.117 GC heap before
{Heap before GC invocations=39 (full 0):
 garbage-first heap   total 225280K, used 212359K [0x0000000080000000, 0x0000000100000000)
  region size 1024K, 38 young (38912K), 2 survivors (2048K)
 Metaspace       used 105333K, capacity 107903K, committed 108236K, reserved 1142784K
  class space    used 13409K, capacity 14388K, committed 14540K, reserved 1048576K
}
Event: 34.232 GC heap after
{Heap after GC invocations=40 (full 0):
 garbage-first heap   total 232448K, used 175684K [0x0000000080000000, 0x0000000100000000)
  region size 1024K, 5 young (5120K), 5 survivors (5120K)
 Metaspace       used 105333K, capacity 107903K, committed 108236K, reserved 1142784K
  class space    used 13409K, capacity 14388K, committed 14540K, reserved 1048576K
}
Event: 34.338 GC heap before
{Heap before GC invocations=41 (full 0):
 garbage-first heap   total 232448K, used 194116K [0x0000000080000000, 0x0000000100000000)
  region size 1024K, 23 young (23552K), 5 survivors (5120K)
 Metaspace       used 105334K, capacity 107903K, committed 108236K, reserved 1142784K
  class space    used 13409K, capacity 14388K, committed 14540K, reserved 1048576K
}
Event: 34.350 GC heap after
{Heap after GC invocations=42 (full 0):
 garbage-first heap   total 232448K, used 184639K [0x0000000080000000, 0x0000000100000000)
  region size 1024K, 3 young (3072K), 3 survivors (3072K)
 Metaspace       used 105334K, capacity 107903K, committed 108236K, reserved 1142784K
  class space    used 13409K, capacity 14388K, committed 14540K, reserved 1048576K
}
Event: 34.380 GC heap before
{Heap before GC invocations=42 (full 0):
 garbage-first heap   total 232448K, used 192831K [0x0000000080000000, 0x0000000100000000)
  region size 1024K, 11 young (11264K), 3 survivors (3072K)
 Metaspace       used 105334K, capacity 107903K, committed 108236K, reserved 1142784K
  class space    used 13409K, capacity 14388K, committed 14540K, reserved 1048576K
}
Event: 34.390 GC heap after
{Heap after GC invocations=43 (full 0):
 garbage-first heap   total 232448K, used 188185K [0x0000000080000000, 0x0000000100000000)
  region size 1024K, 2 young (2048K), 2 survivors (2048K)
 Metaspace       used 105334K, capacity 107903K, committed 108236K, reserved 1142784K
  class space    used 13409K, capacity 14388K, committed 14540K, reserved 1048576K
}
Event: 34.421 GC heap before
{Heap before GC invocations=43 (full 0):
 garbage-first heap   total 232448K, used 197401K [0x0000000080000000, 0x0000000100000000)
  region size 1024K, 12 young (12288K), 2 survivors (2048K)
 Metaspace       used 105334K, capacity 107903K, committed 108236K, reserved 1142784K
  class space    used 13409K, capacity 14388K, committed 14540K, reserved 1048576K
}
Event: 34.445 GC heap after
{Heap after GC invocations=44 (full 0):
 garbage-first heap   total 232448K, used 193173K [0x0000000080000000, 0x0000000100000000)
  region size 1024K, 2 young (2048K), 2 survivors (2048K)
 Metaspace       used 105334K, capacity 107903K, committed 108236K, reserved 1142784K
  class space    used 13409K, capacity 14388K, committed 14540K, reserved 1048576K
}
Event: 34.492 GC heap before
{Heap before GC invocations=44 (full 0):
 garbage-first heap   total 232448K, used 202389K [0x0000000080000000, 0x0000000100000000)
  region size 1024K, 11 young (11264K), 2 survivors (2048K)
 Metaspace       used 105334K, capacity 107903K, committed 108236K, reserved 1142784K
  class space    used 13409K, capacity 14388K, committed 14540K, reserved 1048576K
}
Event: 34.750 GC heap after
{Heap after GC invocations=45 (full 0):
 garbage-first heap   total 455680K, used 196836K [0x0000000080000000, 0x0000000100000000)
  region size 1024K, 2 young (2048K), 2 survivors (2048K)
 Metaspace       used 105334K, capacity 107903K, committed 108236K, reserved 1142784K
  class space    used 13409K, capacity 14388K, committed 14540K, reserved 1048576K
}
Event: 34.971 GC heap before
{Heap before GC invocations=46 (full 0):
 garbage-first heap   total 455680K, used 217316K [0x0000000080000000, 0x0000000100000000)
  region size 1024K, 22 young (22528K), 2 survivors (2048K)
 Metaspace       used 107164K, capacity 109823K, committed 109900K, reserved 1144832K
  class space    used 13867K, capacity 14888K, committed 14924K, reserved 1048576K
}
Event: 34.988 GC heap after
{Heap after GC invocations=47 (full 0):
 garbage-first heap   total 455680K, used 204678K [0x0000000080000000, 0x0000000100000000)
  region size 1024K, 3 young (3072K), 3 survivors (3072K)
 Metaspace       used 107164K, capacity 109823K, committed 109900K, reserved 1144832K
  class space    used 13867K, capacity 14888K, committed 14924K, reserved 1048576K
}
Event: 35.150 GC heap before
{Heap before GC invocations=47 (full 0):
 garbage-first heap   total 455680K, used 226182K [0x0000000080000000, 0x0000000100000000)
  region size 1024K, 22 young (22528K), 3 survivors (3072K)
 Metaspace       used 107604K, capacity 110251K, committed 110412K, reserved 1144832K
  class space    used 13898K, capacity 14898K, committed 14924K, reserved 1048576K
}
Event: 35.166 GC heap after
{Heap after GC invocations=48 (full 0):
 garbage-first heap   total 455680K, used 214410K [0x0000000080000000, 0x0000000100000000)
  region size 1024K, 3 young (3072K), 3 survivors (3072K)
 Metaspace       used 107604K, capacity 110251K, committed 110412K, reserved 1144832K
  class space    used 13898K, capacity 14898K, committed 14924K, reserved 1048576K
}
Event: 35.245 GC heap before
{Heap before GC invocations=48 (full 0):
 garbage-first heap   total 455680K, used 232842K [0x0000000080000000, 0x0000000100000000)
  region size 1024K, 22 young (22528K), 3 survivors (3072K)
 Metaspace       used 107718K, capacity 110419K, committed 110540K, reserved 1144832K
  class space    used 13904K, capacity 14932K, committed 15052K, reserved 1048576K
}
Event: 35.261 GC heap after
{Heap after GC invocations=49 (full 0):
 garbage-first heap   total 455680K, used 223429K [0x0000000080000000, 0x0000000100000000)
  region size 1024K, 3 young (3072K), 3 survivors (3072K)
 Metaspace       used 107718K, capacity 110419K, committed 110540K, reserved 1144832K
  class space    used 13904K, capacity 14932K, committed 15052K, reserved 1048576K
}
Event: 35.314 GC heap before
{Heap before GC invocations=49 (full 0):
 garbage-first heap   total 455680K, used 242885K [0x0000000080000000, 0x0000000100000000)
  region size 1024K, 22 young (22528K), 3 survivors (3072K)
 Metaspace       used 107791K, capacity 110421K, committed 110796K, reserved 1144832K
  class space    used 13906K, capacity 14932K, committed 15052K, reserved 1048576K
}

