# JRE version: OpenJDK Runtime Environment (11.0.10) (build 11.0.10+0-b96-7249189)
# Java VM: OpenJDK 64-Bit Server VM (11.0.10+0-b96-7249189, mixed mode, tiered, compressed oops, g1 gc, windows-amd64)
Heap:
 garbage-first heap   total 155648K, used 60486K [0x0000000082600000, 0x0000000100000000)
  region size 1024K, 17 young (17408K), 8 survivors (8192K)
 Metaspace       used 60368K, capacity 61127K, committed 61340K, reserved 1103872K
  class space    used 6999K, capacity 7306K, committed 7372K, reserved 1048576K
GC Heap History (18 events):
Event: 1.043 GC heap before
{Heap before GC invocations=0 (full 0):
 garbage-first heap   total 129024K, used 27648K [0x0000000082600000, 0x0000000100000000)
  region size 1024K, 24 young (24576K), 0 survivors (0K)
 Metaspace       used 12302K, capacity 12405K, committed 12544K, reserved 1060864K
  class space    used 1154K, capacity 1174K, committed 1280K, reserved 1048576K
}
Event: 1.046 GC heap after
{Heap after GC invocations=1 (full 0):
 garbage-first heap   total 129024K, used 5895K [0x0000000082600000, 0x0000000100000000)
  region size 1024K, 3 young (3072K), 3 survivors (3072K)
 Metaspace       used 12302K, capacity 12405K, committed 12544K, reserved 1060864K
  class space    used 1154K, capacity 1174K, committed 1280K, reserved 1048576K
}
Event: 1.737 GC heap before
{Heap before GC invocations=1 (full 0):
 garbage-first heap   total 129024K, used 42759K [0x0000000082600000, 0x0000000100000000)
  region size 1024K, 40 young (40960K), 3 survivors (3072K)
 Metaspace       used 20986K, capacity 21203K, committed 21248K, reserved 1069056K
  class space    used 2215K, capacity 2299K, committed 2304K, reserved 1048576K
}
Event: 1.746 GC heap after
{Heap after GC invocations=2 (full 0):
 garbage-first heap   total 129024K, used 9503K [0x0000000082600000, 0x0000000100000000)
  region size 1024K, 7 young (7168K), 7 survivors (7168K)
 Metaspace       used 20986K, capacity 21203K, committed 21248K, reserved 1069056K
  class space    used 2215K, capacity 2299K, committed 2304K, reserved 1048576K
}
Event: 3.301 GC heap before
{Heap before GC invocations=3 (full 0):
 garbage-first heap   total 129024K, used 70943K [0x0000000082600000, 0x0000000100000000)
  region size 1024K, 57 young (58368K), 7 survivors (7168K)
 Metaspace       used 30556K, capacity 30999K, committed 31228K, reserved 1077248K
  class space    used 3589K, capacity 3744K, committed 3840K, reserved 1048576K
}
Event: 3.318 GC heap after
{Heap after GC invocations=4 (full 0):
 garbage-first heap   total 129024K, used 22388K [0x0000000082600000, 0x0000000100000000)
  region size 1024K, 8 young (8192K), 8 survivors (8192K)
 Metaspace       used 30556K, capacity 30999K, committed 31228K, reserved 1077248K
  class space    used 3589K, capacity 3744K, committed 3840K, reserved 1048576K
}
Event: 3.387 GC heap before
{Heap before GC invocations=4 (full 0):
 garbage-first heap   total 129024K, used 26484K [0x0000000082600000, 0x0000000100000000)
  region size 1024K, 10 young (10240K), 8 survivors (8192K)
 Metaspace       used 30795K, capacity 31288K, committed 31484K, reserved 1077248K
  class space    used 3621K, capacity 3776K, committed 3840K, reserved 1048576K
}
Event: 3.417 GC heap after
{Heap after GC invocations=5 (full 0):
 garbage-first heap   total 129024K, used 26560K [0x0000000082600000, 0x0000000100000000)
  region size 1024K, 2 young (2048K), 2 survivors (2048K)
 Metaspace       used 30795K, capacity 31288K, committed 31484K, reserved 1077248K
  class space    used 3621K, capacity 3776K, committed 3840K, reserved 1048576K
}
Event: 4.121 GC heap before
{Heap before GC invocations=5 (full 0):
 garbage-first heap   total 129024K, used 50112K [0x0000000082600000, 0x0000000100000000)
  region size 1024K, 26 young (26624K), 2 survivors (2048K)
 Metaspace       used 35507K, capacity 35953K, committed 36048K, reserved 1081344K
  class space    used 4152K, capacity 4328K, committed 4352K, reserved 1048576K
}
Event: 4.127 GC heap after
{Heap after GC invocations=6 (full 0):
 garbage-first heap   total 129024K, used 24872K [0x0000000082600000, 0x0000000100000000)
  region size 1024K, 3 young (3072K), 3 survivors (3072K)
 Metaspace       used 35507K, capacity 35953K, committed 36048K, reserved 1081344K
  class space    used 4152K, capacity 4328K, committed 4352K, reserved 1048576K
}
Event: 5.274 GC heap before
{Heap before GC invocations=7 (full 0):
 garbage-first heap   total 129024K, used 69928K [0x0000000082600000, 0x0000000100000000)
  region size 1024K, 47 young (48128K), 3 survivors (3072K)
 Metaspace       used 45119K, capacity 45692K, committed 45980K, reserved 1089536K
  class space    used 5324K, capacity 5521K, committed 5580K, reserved 1048576K
}
Event: 5.284 GC heap after
{Heap after GC invocations=8 (full 0):
 garbage-first heap   total 129024K, used 28672K [0x0000000082600000, 0x0000000100000000)
  region size 1024K, 6 young (6144K), 6 survivors (6144K)
 Metaspace       used 45119K, capacity 45692K, committed 45980K, reserved 1089536K
  class space    used 5324K, capacity 5521K, committed 5580K, reserved 1048576K
}
Event: 6.993 GC heap before
{Heap before GC invocations=8 (full 0):
 garbage-first heap   total 129024K, used 79872K [0x0000000082600000, 0x0000000100000000)
  region size 1024K, 53 young (54272K), 6 survivors (6144K)
 Metaspace       used 50820K, capacity 51494K, committed 51740K, reserved 1095680K
  class space    used 5932K, capacity 6193K, committed 6220K, reserved 1048576K
}
Event: 7.050 GC heap after
{Heap after GC invocations=9 (full 0):
 garbage-first heap   total 155648K, used 35022K [0x0000000082600000, 0x0000000100000000)
  region size 1024K, 5 young (5120K), 5 survivors (5120K)
 Metaspace       used 50820K, capacity 51494K, committed 51740K, reserved 1095680K
  class space    used 5932K, capacity 6193K, committed 6220K, reserved 1048576K
}
Event: 9.219 GC heap before
{Heap before GC invocations=9 (full 0):
 garbage-first heap   total 155648K, used 92366K [0x0000000082600000, 0x0000000100000000)
  region size 1024K, 61 young (62464K), 5 survivors (5120K)
 Metaspace       used 56113K, capacity 56824K, committed 56988K, reserved 1099776K
  class space    used 6507K, capacity 6773K, committed 6860K, reserved 1048576K
}
Event: 9.235 GC heap after
{Heap after GC invocations=10 (full 0):
 garbage-first heap   total 155648K, used 44321K [0x0000000082600000, 0x0000000100000000)
  region size 1024K, 8 young (8192K), 8 survivors (8192K)
 Metaspace       used 56113K, capacity 56824K, committed 56988K, reserved 1099776K
  class space    used 6507K, capacity 6773K, committed 6860K, reserved 1048576K
}
Event: 10.306 GC heap before
{Heap before GC invocations=10 (full 0):
 garbage-first heap   total 155648K, used 91425K [0x0000000082600000, 0x0000000100000000)
  region size 1024K, 55 young (56320K), 8 survivors (8192K)
 Metaspace       used 59714K, capacity 60407K, committed 60572K, reserved 1101824K
  class space    used 6929K, capacity 7237K, committed 7372K, reserved 1048576K
}
Event: 10.339 GC heap after
{Heap after GC invocations=11 (full 0):
 garbage-first heap   total 155648K, used 52294K [0x0000000082600000, 0x0000000100000000)
  region size 1024K, 8 young (8192K), 8 survivors (8192K)
 Metaspace       used 59714K, capacity 60407K, committed 60572K, reserved 1101824K
  class space    used 6929K, capacity 7237K, committed 7372K, reserved 1048576K
}

